1621688988461	geckodriver	INFO	Listening on 127.0.0.1:56170
1621688991577	mozrunner::runner	INFO	Running command: "C:\\Program Files\\Mozilla Firefox\\firefox.exe" "--marionette" "--headless" "-foreground" "-no-remote" "-profile" "C:\\Users\\jonat\\AppData\\Local\\Temp\\rust_mozprofileD3MAFH"
*** You are running in headless mode.
1621688992546	Marionette	INFO	Marionette enabled
console.warn: SearchSettings: "get: No settings file exists, new profile?" (new Error("", "(unknown module)"))
1621688995155	Marionette	INFO	Listening on port 56184
1621688995314	Marionette	WARN	TLS certificate errors will be ignored for this session
JavaScript warning: https://tagesanzeiger.raetsel.ch/wp-content/themes/salient/js/init.js?ver=10.0.4, line 8979: unreachable code after return statement
JavaScript warning: https://tagesanzeiger.raetsel.ch/wp-content/themes/salient/js/init.js?ver=10.0.4, line 9021: unreachable code after return statement
JavaScript warning: https://tagesanzeiger.raetsel.ch/wp-content/themes/salient/js/init.js?ver=10.0.4, line 8979: unreachable code after return statement
1621689040938	Marionette	INFO	Stopped listening on port 56184
1689029607	mozrunner::runner	INFO	Running command: "C:\\Program Files\\Mozilla Firefox\\firefox.exe" "--marionette" "-foreground" "-no-remote" "-profile" "C:\\Users\\jonat\\AppData\\Local\\Temp\\rust_mozprofileaasndf"
1621689030171	Marionette	INFO	Marionette enabled
console.warn: SearchSettings: "get: No settings file exists, new profile?" (new Error("", "(unknown module)"))
1621689033853	Marionette	INFO	Listening on port 56309
1621689033940	Marionette	WARN	TLS certificate errors will be ignored for this session
JavaScript warning: https://tagesanzeiger.raetsel.ch/wp-content/themes/salient/js/init.js?ver=10.0.4, line 8979: unreachable code after return statement
JavaScript warning: https://tagesanzeiger.raetsel.ch/wp-content/themes/salient/js/init.js?ver=10.0.4, line 9021: unreachable code after return statement
JavaScript warning: https://tagesanzeiger.raetsel.ch/wp-content/themes/salient/js/init.js?ver=10.0.4, line 8979: unreachable code after return statement
console.warn: "Already stopped listening to websocket events from another toolbox."
console.error: ({})
[Exception... "Component returned failure code: 0x80004005 (NS_ERROR_FAILURE) [nsIEventSourceEventService.removeListener]"  nsresult: "0x80004005 (NS_ERROR_FAILURE)"  location: "JS frame :: resource://devtools/server/actors/resources/server-sent-events.js :: stopListening :: line 84"  data: no]: stopListening@resource://devtools/server/actors/resources/server-sent-events.js:84:31
onWindowDestroy@resource://devtools/server/actors/resources/server-sent-events.js:71:10
_emit@resource://devtools/shared/event-emitter.js:226:34
emit@resource://devtools/shared/event-emitter.js:172:18
emit@resource://devtools/shared/event-emitter.js:324:18
_windowDestroyed@resource://devtools/server/actors/targets/browsing-context.js:1480:10
DebuggerProgressListener.prototype.observe<@resource://devtools/server/actors/targets/browsing-context.js:1854:25
exports.makeInfallible/<@resource://devtools/shared/ThreadSafeDevToolsUtils.js:103:22

JavaScript warning: https://tagesanzeiger.raetsel.ch/wp-content/themes/salient/js/init.js?ver=10.0.4, line 8979: unreachable code after return statement
JavaScript warning: https://tagesanzeiger.raetsel.ch/wp-content/themes/salient/js/init.js?ver=10.0.4, line 9021: unreachable code after return statement
console.warn: "Already stopped listening to websocket events from another toolbox."
console.error: ({})
[Exception... "Component returned failure code: 0x80004005 (NS_ERROR_FAILURE) [nsIEventSourceEventService.removeListener]"  nsresult: "0x80004005 (NS_ERROR_FAILURE)"  location: "JS frame :: resource://devtools/server/actors/resources/server-sent-events.js :: stopListening :: line 84"  data: no]: stopListening@resource://devtools/server/actors/resources/server-sent-events.js:84:31
onWindowDestroy@resource://devtools/server/actors/resources/server-sent-events.js:71:10
_emit@resource://devtools/shared/event-emitter.js:226:34
emit@resource://devtools/shared/event-emitter.js:172:18
emit@resource://devtools/shared/event-emitter.js:324:18
_windowDestroyed@resource://devtools/server/actors/targets/browsing-context.js:1480:10
DebuggerProgressListener.prototype.observe<@resource://devtools/server/actors/targets/browsing-context.js:1854:25
exports.makeInfallible/<@resource://devtools/shared/ThreadSafeDevToolsUtils.js:103:22

console.warn: "Already stopped listening to websocket events from another toolbox."
console.error: ({})
[Exception... "Component returned failure code: 0x80004005 (NS_ERROR_FAILURE) [nsIEventSourceEventService.removeListener]"  nsresult: "0x80004005 (NS_ERROR_FAILURE)"  location: "JS frame :: resource://devtools/server/actors/resources/server-sent-events.js :: stopListening :: line 84"  data: no]: stopListening@resource://devtools/server/actors/resources/server-sent-events.js:84:31
onWindowDestroy@resource://devtools/server/actors/resources/server-sent-events.js:71:10
_emit@resource://devtools/shared/event-emitter.js:226:34
emit@resource://devtools/shared/event-emitter.js:172:18
emit@resource://devtools/shared/event-emitter.js:324:18
_windowDestroyed@resource://devtools/server/actors/targets/browsing-context.js:1480:10
DebuggerProgressListener.prototype.observe<@resource://devtools/server/actors/targets/browsing-context.js:1854:25
exports.makeInfallible/<@resource://devtools/shared/ThreadSafeDevToolsUtils.js:103:22

console.warn: "Already stopped listening to websocket events from another toolbox."
console.error: ({})
[Exception... "Component returned failure code: 0x80004005 (NS_ERROR_FAILURE) [nsIEventSourceEventService.removeListener]"  nsresult: "0x80004005 (NS_ERROR_FAILURE)"  location: "JS frame :: resource://devtools/server/actors/resources/server-sent-events.js :: stopListening :: line 84"  data: no]: stopListening@resource://devtools/server/actors/resources/server-sent-events.js:84:31
onWindowDestroy@resource://devtools/server/actors/resources/server-sent-events.js:71:10
_emit@resource://devtools/shared/event-emitter.js:226:34
emit@resource://devtools/shared/event-emitter.js:172:18
emit@resource://devtools/shared/event-emitter.js:324:18
_windowDestroyed@resource://devtools/server/actors/targets/browsing-context.js:1480:10
DebuggerProgressListener.prototype.observe<@resource://devtools/server/actors/targets/browsing-context.js:1854:25
exports.makeInfallible/<@resource://devtools/shared/ThreadSafeDevToolsUtils.js:103:22

console.warn: "Already stopped listening to websocket events from another toolbox."
console.error: ({})
[Exception... "Component returned failure code: 0x80004005 (NS_ERROR_FAILURE) [nsIEventSourceEventService.removeListener]"  nsresult: "0x80004005 (NS_ERROR_FAILURE)"  location: "JS frame :: resource://devtools/server/actors/resources/server-sent-events.js :: stopListening :: line 84"  data: no]: stopListening@resource://devtools/server/actors/resources/server-sent-events.js:84:31
onWindowDestroy@resource://devtools/server/actors/resources/server-sent-events.js:71:10
_emit@resource://devtools/shared/event-emitter.js:226:34
emit@resource://devtools/shared/event-emitter.js:172:18
emit@resource://devtools/shared/event-emitter.js:324:18
_windowDestroyed@resource://devtools/server/actors/targets/browsing-context.js:1480:10
DebuggerProgressListener.prototype.observe<@resource://devtools/server/actors/targets/browsing-context.js:1854:25
exports.makeInfallible/<@resource://devtools/shared/ThreadSafeDevToolsUtils.js:103:22

console.warn: "Already stopped listening to websocket events from another toolbox."
console.error: ({})
[Exception... "Component returned failure code: 0x80004005 (NS_ERROR_FAILURE) [nsIEventSourceEventService.removeListener]"  nsresult: "0x80004005 (NS_ERROR_FAILURE)"  location: "JS frame :: resource://devtools/server/actors/resources/server-sent-events.js :: stopListening :: line 84"  data: no]: stopListening@resource://devtools/server/actors/resources/server-sent-events.js:84:31
onWindowDestroy@resource://devtools/server/actors/resources/server-sent-events.js:71:10
_emit@resource://devtools/shared/event-emitter.js:226:34
emit@resource://devtools/shared/event-emitter.js:172:18
emit@resource://devtools/shared/event-emitter.js:324:18
_windowDestroyed@resource://devtools/server/actors/targets/browsing-context.js:1480:10
DebuggerProgressListener.prototype.observe<@resource://devtools/server/actors/targets/browsing-context.js:1854:25
exports.makeInfallible/<@resource://devtools/shared/ThreadSafeDevToolsUtils.js:103:22

console.warn: "Already stopped listening to websocket events from another toolbox."
console.error: ({})
[Exception... "Component returned failure code: 0x80004005 (NS_ERROR_FAILURE) [nsIEventSourceEventService.removeListener]"  nsresult: "0x80004005 (NS_ERROR_FAILURE)"  location: "JS frame :: resource://devtools/server/actors/resources/server-sent-events.js :: stopListening :: line 84"  data: no]: stopListening@resource://devtools/server/actors/resources/server-sent-events.js:84:31
onWindowDestroy@resource://devtools/server/actors/resources/server-sent-events.js:71:10
_emit@resource://devtools/shared/event-emitter.js:226:34
emit@resource://devtools/shared/event-emitter.js:172:18
emit@resource://devtools/shared/event-emitter.js:324:18
_windowDestroyed@resource://devtools/server/actors/targets/browsing-context.js:1480:10
DebuggerProgressListener.prototype.observe<@resource://devtools/server/actors/targets/browsing-context.js:1854:25
exports.makeInfallible/<@resource://devtools/shared/ThreadSafeDevToolsUtils.js:103:22

console.warn: "Already stopped listening to websocket events from another toolbox."
console.error: ({})
[Exception... "Component returned failure code: 0x80004005 (NS_ERROR_FAILURE) [nsIEventSourceEventService.removeListener]"  nsresult: "0x80004005 (NS_ERROR_FAILURE)"  location: "JS frame :: resource://devtools/server/actors/resources/server-sent-events.js :: stopListening :: line 84"  data: no]: stopListening@resource://devtools/server/actors/resources/server-sent-events.js:84:31
onWindowDestroy@resource://devtools/server/actors/resources/server-sent-events.js:71:10
_emit@resource://devtools/shared/event-emitter.js:226:34
emit@resource://devtools/shared/event-emitter.js:172:18
emit@resource://devtools/shared/event-emitter.js:324:18
_windowDestroyed@resource://devtools/server/actors/targets/browsing-context.js:1480:10
DebuggerProgressListener.prototype.observe<@resource://devtools/server/actors/targets/browsing-context.js:1854:25
exports.makeInfallible/<@resource://devtools/shared/ThreadSafeDevToolsUtils.js:103:22

JavaScript warning: https://tagesanzeiger.raetsel.ch/wp-content/themes/salient/js/init.js?ver=10.0.4, line 8979: unreachable code after return statement
console.warn: "Already stopped listening to websocket events from another toolbox."
console.error: ({})
[Exception... "Component returned failure code: 0x80004005 (NS_ERROR_FAILURE) [nsIEventSourceEventService.removeListener]"  nsresult: "0x80004005 (NS_ERROR_FAILURE)"  location: "JS frame :: resource://devtools/server/actors/resources/server-sent-events.js :: stopListening :: line 84"  data: no]: stopListening@resource://devtools/server/actors/resources/server-sent-events.js:84:31
onWindowDestroy@resource://devtools/server/actors/resources/server-sent-events.js:71:10
_emit@resource://devtools/shared/event-emitter.js:226:34
emit@resource://devtools/shared/event-emitter.js:172:18
emit@resource://devtools/shared/event-emitter.js:324:18
_windowDestroyed@resource://devtools/server/actors/targets/browsing-context.js:1480:10
DebuggerProgressListener.prototype.observe<@resource://devtools/server/actors/targets/browsing-context.js:1854:25
exports.makeInfallible/<@resource://devtools/shared/ThreadSafeDevToolsUtils.js:103:22

console.warn: "Already stopped listening to websocket events from another toolbox."
console.error: ({})
[Exception... "Component returned failure code: 0x80004005 (NS_ERROR_FAILURE) [nsIEventSourceEventService.removeListener]"  nsresult: "0x80004005 (NS_ERROR_FAILURE)"  location: "JS frame :: resource://devtools/server/actors/resources/server-sent-events.js :: stopListening :: line 84"  data: no]: stopListening@resource://devtools/server/actors/resources/server-sent-events.js:84:31
onWindowDestroy@resource://devtools/server/actors/resources/server-sent-events.js:71:10
_emit@resource://devtools/shared/event-emitter.js:226:34
emit@resource://devtools/shared/event-emitter.js:172:18
emit@resource://devtools/shared/event-emitter.js:324:18
_windowDestroyed@resource://devtools/server/actors/targets/browsing-context.js:1480:10
DebuggerProgressListener.prototype.observe<@resource://devtools/server/actors/targets/browsing-context.js:1854:25
exports.makeInfallible/<@resource://devtools/shared/ThreadSafeDevToolsUtils.js:103:22

console.warn: "Already stopped listening to websocket events from another toolbox."
console.error: ({})
[Exception... "Component returned failure code: 0x80004005 (NS_ERROR_FAILURE) [nsIEventSourceEventService.removeListener]"  nsresult: "0x80004005 (NS_ERROR_FAILURE)"  location: "JS frame :: resource://devtools/server/actors/resources/server-sent-events.js :: stopListening :: line 84"  data: no]: stopListening@resource://devtools/server/actors/resources/server-sent-events.js:84:31
onWindowDestroy@resource://devtools/server/actors/resources/server-sent-events.js:71:10
_emit@resource://devtools/shared/event-emitter.js:226:34
emit@resource://devtools/shared/event-emitter.js:172:18
emit@resource://devtools/shared/event-emitter.js:324:18
_windowDestroyed@resource://devtools/server/actors/targets/browsing-context.js:1480:10
DebuggerProgressListener.prototype.observe<@resource://devtools/server/actors/targets/browsing-context.js:1854:25
exports.makeInfallible/<@resource://devtools/shared/ThreadSafeDevToolsUtils.js:103:22

console.warn: "Already stopped listening to websocket events from another toolbox."
console.error: ({})
[Exception... "Component returned failure code: 0x80004005 (NS_ERROR_FAILURE) [nsIEventSourceEventService.removeListener]"  nsresult: "0x80004005 (NS_ERROR_FAILURE)"  location: "JS frame :: resource://devtools/server/actors/resources/server-sent-events.js :: stopListening :: line 84"  data: no]: stopListening@resource://devtools/server/actors/resources/server-sent-events.js:84:31
onWindowDestroy@resource://devtools/server/actors/resources/server-sent-events.js:71:10
_emit@resource://devtools/shared/event-emitter.js:226:34
emit@resource://devtools/shared/event-emitter.js:172:18
emit@resource://devtools/shared/event-emitter.js:324:18
_windowDestroyed@resource://devtools/server/actors/targets/browsing-context.js:1480:10
DebuggerProgressListener.prototype.observe<@resource://devtools/server/actors/targets/browsing-context.js:1854:25
exports.makeInfallible/<@resource://devtools/shared/ThreadSafeDevToolsUtils.js:103:22

console.warn: "Already stopped listening to websocket events from another toolbox."
console.error: ({})
[Exception... "Component returned failure code: 0x80004005 (NS_ERROR_FAILURE) [nsIEventSourceEventService.removeListener]"  nsresult: "0x80004005 (NS_ERROR_FAILURE)"  location: "JS frame :: resource://devtools/server/actors/resources/server-sent-events.js :: stopListening :: line 84"  data: no]: stopListening@resource://devtools/server/actors/resources/server-sent-events.js:84:31
onWindowDestroy@resource://devtools/server/actors/resources/server-sent-events.js:71:10
_emit@resource://devtools/shared/event-emitter.js:226:34
emit@resource://devtools/shared/event-emitter.js:172:18
emit@resource://devtools/shared/event-emitter.js:324:18
_windowDestroyed@resource://devtools/server/actors/targets/browsing-context.js:1480:10
DebuggerProgressListener.prototype.observe<@resource://devtools/server/actors/targets/browsing-context.js:1854:25
exports.makeInfallible/<@resource://devtools/shared/ThreadSafeDevToolsUtils.js:103:22

console.warn: "Already stopped listening to websocket events from another toolbox."
console.error: ({})
[Exception... "Component returned failure code: 0x80004005 (NS_ERROR_FAILURE) [nsIEventSourceEventService.removeListener]"  nsresult: "0x80004005 (NS_ERROR_FAILURE)"  location: "JS frame :: resource://devtools/server/actors/resources/server-sent-events.js :: stopListening :: line 84"  data: no]: stopListening@resource://devtools/server/actors/resources/server-sent-events.js:84:31
onWindowDestroy@resource://devtools/server/actors/resources/server-sent-events.js:71:10
_emit@resource://devtools/shared/event-emitter.js:226:34
emit@resource://devtools/shared/event-emitter.js:172:18
emit@resource://devtools/shared/event-emitter.js:324:18
_windowDestroyed@resource://devtools/server/actors/targets/browsing-context.js:1480:10
DebuggerProgressListener.prototype.observe<@resource://devtools/server/actors/targets/browsing-context.js:1854:25
exports.makeInfallible/<@resource://devtools/shared/ThreadSafeDevToolsUtils.js:103:22

console.warn: "Already stopped listening to websocket events from another toolbox."
console.error: ({})
[Exception... "Component returned failure code: 0x80004005 (NS_ERROR_FAILURE) [nsIEventSourceEventService.removeListener]"  nsresult: "0x80004005 (NS_ERROR_FAILURE)"  location: "JS frame :: resource://devtools/server/actors/resources/server-sent-events.js :: stopListening :: line 84"  data: no]: stopListening@resource://devtools/server/actors/resources/server-sent-events.js:84:31
onWindowDestroy@resource://devtools/server/actors/resources/server-sent-events.js:71:10
_emit@resource://devtools/shared/event-emitter.js:226:34
emit@resource://devtools/shared/event-emitter.js:172:18
emit@resource://devtools/shared/event-emitter.js:324:18
_windowDestroyed@resource://devtools/server/actors/targets/browsing-context.js:1480:10
DebuggerProgressListener.prototype.observe<@resource://devtools/server/actors/targets/browsing-context.js:1854:25
exports.makeInfallible/<@resource://devtools/shared/ThreadSafeDevToolsUtils.js:103:22

console.warn: "Already stopped listening to websocket events from another toolbox."
console.error: ({})
[Exception... "Component returned failure code: 0x80004005 (NS_ERROR_FAILURE) [nsIEventSourceEventService.removeListener]"  nsresult: "0x80004005 (NS_ERROR_FAILURE)"  location: "JS frame :: resource://devtools/server/actors/resources/server-sent-events.js :: stopListening :: line 84"  data: no]: stopListening@resource://devtools/server/actors/resources/server-sent-events.js:84:31
onWindowDestroy@resource://devtools/server/actors/resources/server-sent-events.js:71:10
_emit@resource://devtools/shared/event-emitter.js:226:34
emit@resource://devtools/shared/event-emitter.js:172:18
emit@resource://devtools/shared/event-emitter.js:324:18
_windowDestroyed@resource://devtools/server/actors/targets/browsing-context.js:1480:10
DebuggerProgressListener.prototype.observe<@resource://devtools/server/actors/targets/browsing-context.js:1854:25
exports.makeInfallible/<@resource://devtools/shared/ThreadSafeDevToolsUtils.js:103:22

console.warn: "Already stopped listening to websocket events from another toolbox."
console.error: ({})
[Exception... "Component returned failure code: 0x80004005 (NS_ERROR_FAILURE) [nsIEventSourceEventService.removeListener]"  nsresult: "0x80004005 (NS_ERROR_FAILURE)"  location: "JS frame :: resource://devtools/server/actors/resources/server-sent-events.js :: stopListening :: line 84"  data: no]: stopListening@resource://devtools/server/actors/resources/server-sent-events.js:84:31
onWindowDestroy@resource://devtools/server/actors/resources/server-sent-events.js:71:10
_emit@resource://devtools/shared/event-emitter.js:226:34
emit@resource://devtools/shared/event-emitter.js:172:18
emit@resource://devtools/shared/event-emitter.js:324:18
_windowDestroyed@resource://devtools/server/actors/targets/browsing-context.js:1480:10
DebuggerProgressListener.prototype.observe<@resource://devtools/server/actors/targets/browsing-context.js:1854:25
exports.makeInfallible/<@resource://devtools/shared/ThreadSafeDevToolsUtils.js:103:22

console.warn: "Already stopped listening to websocket events from another toolbox."
console.error: ({})
[Exception... "Component returned failure code: 0x80004005 (NS_ERROR_FAILURE) [nsIEventSourceEventService.removeListener]"  nsresult: "0x80004005 (NS_ERROR_FAILURE)"  location: "JS frame :: resource://devtools/server/actors/resources/server-sent-events.js :: stopListening :: line 84"  data: no]: stopListening@resource://devtools/server/actors/resources/server-sent-events.js:84:31
onWindowDestroy@resource://devtools/server/actors/resources/server-sent-events.js:71:10
_emit@resource://devtools/shared/event-emitter.js:226:34
emit@resource://devtools/shared/event-emitter.js:172:18
emit@resource://devtools/shared/event-emitter.js:324:18
_windowDestroyed@resource://devtools/server/actors/targets/browsing-context.js:1480:10
DebuggerProgressListener.prototype.observe<@resource://devtools/server/actors/targets/browsing-context.js:1854:25
exports.makeInfallible/<@resource://devtools/shared/ThreadSafeDevToolsUtils.js:103:22

console.warn: "Already stopped listening to websocket events from another toolbox."
console.error: ({})
[Exception... "Component returned failure code: 0x80004005 (NS_ERROR_FAILURE) [nsIEventSourceEventService.removeListener]"  nsresult: "0x80004005 (NS_ERROR_FAILURE)"  location: "JS frame :: resource://devtools/server/actors/resources/server-sent-events.js :: stopListening :: line 84"  data: no]: stopListening@resource://devtools/server/actors/resources/server-sent-events.js:84:31
onWindowDestroy@resource://devtools/server/actors/resources/server-sent-events.js:71:10
_emit@resource://devtools/shared/event-emitter.js:226:34
emit@resource://devtools/shared/event-emitter.js:172:18
emit@resource://devtools/shared/event-emitter.js:324:18
_windowDestroyed@resource://devtools/server/actors/targets/browsing-context.js:1480:10
DebuggerProgressListener.prototype.observe<@resource://devtools/server/actors/targets/browsing-context.js:1854:25
exports.makeInfallible/<@resource://devtools/shared/ThreadSafeDevToolsUtils.js:103:22

console.warn: "Already stopped listening to websocket events from another toolbox."
console.error: ({})
[Exception... "Component returned failure code: 0x80004005 (NS_ERROR_FAILURE) [nsIEventSourceEventService.removeListener]"  nsresult: "0x80004005 (NS_ERROR_FAILURE)"  location: "JS frame :: resource://devtools/server/actors/resources/server-sent-events.js :: stopListening :: line 84"  data: no]: stopListening@resource://devtools/server/actors/resources/server-sent-events.js:84:31
onWindowDestroy@resource://devtools/server/actors/resources/server-sent-events.js:71:10
_emit@resource://devtools/shared/event-emitter.js:226:34
emit@resource://devtools/shared/event-emitter.js:172:18
emit@resource://devtools/shared/event-emitter.js:324:18
_windowDestroyed@resource://devtools/server/actors/targets/browsing-context.js:1480:10
DebuggerProgressListener.prototype.observe<@resource://devtools/server/actors/targets/browsing-context.js:1854:25
exports.makeInfallible/<@resource://devtools/shared/ThreadSafeDevToolsUtils.js:103:22

console.warn: "Already stopped listening to websocket events from another toolbox."
console.error: ({})
[Exception... "Component returned failure code: 0x80004005 (NS_ERROR_FAILURE) [nsIEventSourceEventService.removeListener]"  nsresult: "0x80004005 (NS_ERROR_FAILURE)"  location: "JS frame :: resource://devtools/server/actors/resources/server-sent-events.js :: stopListening :: line 84"  data: no]: stopListening@resource://devtools/server/actors/resources/server-sent-events.js:84:31
onWindowDestroy@resource://devtools/server/actors/resources/server-sent-events.js:71:10
_emit@resource://devtools/shared/event-emitter.js:226:34
emit@resource://devtools/shared/event-emitter.js:172:18
emit@resource://devtools/shared/event-emitter.js:324:18
_windowDestroyed@resource://devtools/server/actors/targets/browsing-context.js:1480:10
DebuggerProgressListener.prototype.observe<@resource://devtools/server/actors/targets/browsing-context.js:1854:25
exports.makeInfallible/<@resource://devtools/shared/ThreadSafeDevToolsUtils.js:103:22

console.warn: "Already stopped listening to websocket events from another toolbox."
console.error: ({})
[Exception... "Component returned failure code: 0x80004005 (NS_ERROR_FAILURE) [nsIEventSourceEventService.removeListener]"  nsresult: "0x80004005 (NS_ERROR_FAILURE)"  location: "JS frame :: resource://devtools/server/actors/resources/server-sent-events.js :: stopListening :: line 84"  data: no]: stopListening@resource://devtools/server/actors/resources/server-sent-events.js:84:31
onWindowDestroy@resource://devtools/server/actors/resources/server-sent-events.js:71:10
_emit@resource://devtools/shared/event-emitter.js:226:34
emit@resource://devtools/shared/event-emitter.js:172:18
emit@resource://devtools/shared/event-emitter.js:324:18
_windowDestroyed@resource://devtools/server/actors/targets/browsing-context.js:1480:10
DebuggerProgressListener.prototype.observe<@resource://devtools/server/actors/targets/browsing-context.js:1854:25
exports.makeInfallible/<@resource://devtools/shared/ThreadSafeDevToolsUtils.js:103:22

1621691878675	Marionette	INFO	Stopped listening on port 56309

###!!! [Child][RunMessage] Error: Channel closing: too late to send/recv, messages will be lost

