Running BrowserMob Proxy using LittleProxy implementation. To revert to the legacy implementation, run the proxy with the command-line option '--use-littleproxy false'.
[INFO  2021-05-22T15:09:49,700 net.lightbody.bmp.proxy.Main] (main) Starting BrowserMob Proxy version 2.1.4 
[INFO  2021-05-22T15:09:49,760 org.eclipse.jetty.util.log] (main) jetty-7.x.y-SNAPSHOT 
[INFO  2021-05-22T15:09:50,267 org.eclipse.jetty.util.log] (main) started o.e.j.s.ServletContextHandler{/,null} 
[WARN  2021-05-22T15:09:50,465 org.eclipse.jetty.util.log] (main) FAILED SelectChannelConnector@0.0.0.0:8080: java.net.BindException: Address already in use: bind 
[WARN  2021-05-22T15:09:50,465 org.eclipse.jetty.util.log] (main) FAILED org.eclipse.jetty.server.Server@663411de: java.net.BindException: Address already in use: bind 
[ERROR 2021-05-22T15:09:50,466 net.lightbody.bmp.proxy.Main] (main) Failed to start Jetty server. Aborting. java.net.BindException: Address already in use: bind
	at sun.nio.ch.Net.bind0(Native Method) ~[?:1.8.0_291]
	at sun.nio.ch.Net.bind(Unknown Source) ~[?:1.8.0_291]
	at sun.nio.ch.Net.bind(Unknown Source) ~[?:1.8.0_291]
	at sun.nio.ch.ServerSocketChannelImpl.bind(Unknown Source) ~[?:1.8.0_291]
	at sun.nio.ch.ServerSocketAdaptor.bind(Unknown Source) ~[?:1.8.0_291]
	at org.eclipse.jetty.server.nio.SelectChannelConnector.open(SelectChannelConnector.java:162) ~[browsermob-dist-2.1.4.jar:?]
	at org.eclipse.jetty.server.AbstractConnector.doStart(AbstractConnector.java:356) ~[browsermob-dist-2.1.4.jar:?]
	at org.eclipse.jetty.server.nio.SelectChannelConnector.doStart(SelectChannelConnector.java:240) ~[browsermob-dist-2.1.4.jar:?]
	at org.eclipse.jetty.util.component.AbstractLifeCycle.start(AbstractLifeCycle.java:55) ~[browsermob-dist-2.1.4.jar:?]
	at org.eclipse.jetty.server.Server.doStart(Server.java:269) ~[browsermob-dist-2.1.4.jar:?]
	at org.eclipse.jetty.util.component.A[WARN  2021-05-22T15:09:57,810 net.lightbody.bmp.filters.ServerResponseCaptureFilter] (LittleProxy-2-ProxyToServerWorker-6) Cannot decode unsupported content encoding type br 
[WARN  2021-05-22T15:09:57,810 net.lightbody.bmp.filters.HarCaptureFilter] (LittleProxy-2-ProxyToServerWorker-6) Unable to decompress content with encoding: br. Contents will be encoded as base64 binary data. 
[WARN  2021-05-22T15:09:59,168 net.lightbody.bmp.filters.ServerResponseCaptureFilter] (LittleProxy-2-ProxyToServerWorker-3) Cannot decode unsupported content encoding type br 
[WARN  2021-05-22T15:09:59,169 net.lightbody.bmp.filters.HarCaptureFilter] (LittleProxy-2-ProxyToServerWorker-3) Unable to decompress content with encoding: br. Contents will be encoded as base64 binary data. 
[WARN  2021-05-22T15:09:59,656 net.lightbody.bmp.filters.ServerResponseCaptureFilter] (LittleProxy-2-ProxyToServerWorker-6) Cannot decode unsupported content encoding type br 
[WARN  2021-05-22T15:09:59,656 net.lightbody.bmp.filters.HarCaptureFilter] (LittleProxy-2-ProxyToServerWorker-6) Unable to decompress content with encoding: br. Contents will be encoded as base64 binary data. 
[WARN  2021-05-22T15:09:59,793 ^Ct.lightbody.bmp.filters.ServerResponseCaptureFilter] (LittleProxy-2-ProxyToServerWorker-6) Cannot decode unsupported content encoding type br 
[WARN  2021-05-22T15:09:59,793 net.lightbody.bmp.filters.HarCaptureFilter] (LittleProxy-2-ProxyToServerWorker-6) Unable to decompress content with encoding: br. Contents will be encoded as base64 binary data. 
[WARN  2021-05-22T15:09:59,952 net.lightbody.bmp.filters.ServerResponseCaptureFilter] (LittleProxy-2-ProxyToServerWorker-5) Cannot decode unsupported content encoding type br 
[WARN  2021-05-22T15:09:59,952 net.lightbody.bmp.filters.HarCaptureFilter] (LittleProxy-2-ProxyToServerWorker-5) Unable to decompress content with encoding: br. Contents will be encoded as base64 binary data. 
[WARN  2021-05-22T15:09:59,969 net.lightbody.bmp.filters.ServerResponseCaptureFilter] (LittleProxy-2-ProxyToServerWorker-4) Cannot decode unsupported content encoding type br 
[WARN  2021-05-22T15:09:59,969 net.lightbody.bmp.filters.HarCaptureFilter] (LittleProxy-2-ProxyToServerWorker-4) Unable to decompress content with encoding: br. Contents will be encoded as base64 binary data. 
[WARN  2021-05-22T15:10:00,034 net.lightbody.bmp.filters.ServerResponseCaptureFilter] (LittleProxy-2-ProxyToServerWorker-7) Cannot decode unsupported content encoding type br 
[WARN  2021-05-22T15:10:00,034 net.lightbody.bmp.filters.HarCaptureFilter] (LittleProxy-2-ProxyToServerWorker-7) Unable to decompress content with encoding: br. Contents will be encoded as base64 binary data. 
[WARN  2021-05-22T15:10:00,328 net.lightbody.bmp.filters.ServerResponseCaptureFilter] (LittleProxy-2-ProxyToServerWorker-7) Cannot decode unsupported content encoding type br 
[WARN  2021-05-22T15:10:00,328 net.lightbody.bmp.filters.HarCaptureFilter] (LittleProxy-2-ProxyToServerWorker-7) Unable to decompress content with encoding: br. Contents will be encoded as base64 binary data. 
[WARN  2021-05-22T15:10:00,342 net.lightbody.bmp.filters.ServerResponseCaptureFilter] (LittleProxy-2-ProxyToServerWorker-6) Cannot decode unsupported content encoding type br 
[WARN  2021-05-22T15:10:00,342 net.lightbody.bmp.filters.HarCaptureFilter] (LittleProxy-2-ProxyToServerWorker-6) Unable to decompress content with encoding: br. Contents will be encoded as base64 binary data. 
[WARN  2021-05-22T15:10:00,354 net.lightbody.bmp.filters.ServerResponseCaptureFilter] (LittleProxy-2-ProxyToServerWorker-4) Cannot decode unsupported content encoding type br 
[WARN  2021-05-22T15:10:00,355 net.lightbody.bmp.filters.HarCaptureFilter] (LittleProxy-2-ProxyToServerWorker-4) Unable to decompress content with encoding: br. Contents will be encoded as base64 binary data. 
[WARN  2021-05-22T15:10:00,464 net.lightbody.bmp.filters.ServerResponseCaptureFilter] (LittleProxy-2-ProxyToServerWorker-6) Cannot decode unsupported content encoding type br 
[WARN  2021-05-22T15:10:00,464 net.lightbody.bmp.filters.HarCaptureFilter] (LittleProxy-2-ProxyToServerWorker-6) Unable to decompress content with encoding: br. Contents will be encoded as base64 binary data. 
[WARN  2021-05-22T15:10:00,467 net.lightbody.bmp.filters.ServerResponseCaptureFilter] (LittleProxy-2-ProxyToServerWorker-7) Cannot decode unsupported content encoding type br 
[WARN  2021-05-22T15:10:00,467 net.lightbody.bmp.filters.HarCaptureFilter] (LittleProxy-2-ProxyToServerWorker-7) Unable to decompress content with encoding: br. Contents will be encoded as base64 binary data. 
[WARN  2021-05-22T15:10:00,473 net.lightbody.bmp.filters.ServerResponseCaptureFilter] (LittleProxy-2-ProxyToServerWorker-6) Cannot decode unsupported content encoding type br 
[WARN  2021-05-22T15:10:00,473 net.lightbody.bmp.filters.HarCaptureFilter] (LittleProxy-2-ProxyToServerWorker-6) Unable to decompress content with encoding: br. Contents will be encoded as base64 binary data. 
[WARN  2021-05-22T15:10:00,482 net.lightbody.bmp.filters.ServerResponseCaptureFilter] (LittleProxy-2-ProxyToServerWorker-5) Cannot decode unsupported content encoding type br 
[WARN  2021-05-22T15:10:00,483 net.lightbody.bmp.filters.HarCaptureFilter] (LittleProxy-2-ProxyToServerWorker-5) Unable to decompress content with encoding: br. Contents will be encoded as base64 binary data. 
[WARN  2021-05-22T15:10:00,693 net.lightbody.bmp.filters.ServerResponseCaptureFilter] (LittleProxy-2-ProxyToServerWorker-6) Cannot decode unsupported content encoding type br 
[WARN  2021-05-22T15:10:00,693 net.lightbody.bmp.filters.HarCaptureFilter] (LittleProxy-2-ProxyToServerWorker-6) Unable to decompress content with encoding: br. Contents will be encoded as base64 binary data. 
[WARN  2021-05-22T15:10:00,702 net.lightbody.bmp.filters.HarCaptureFilter] (LittleProxy-2-ProxyToServerWorker-7) No content type specified in response from /cdn-cgi/bm/cv/result?req_id=6536483b1b2a3760. Content will be treated as application/octet-stream 
[WARN  2021-05-22T15:10:00,757 net.lightbody.bmp.filters.ServerResponseCaptureFilter] (LittleProxy-2-ProxyToServerWorker-4) Cannot decode unsupported content encoding type br 
[WARN  2021-05-22T15:10:00,758 net.lightbody.bmp.filters.HarCaptureFilter] (LittleProxy-2-ProxyToServerWorker-4) Unable to decompress content with encoding: br. Contents will be encoded as base64 binary data. 
[WARN  2021-05-22T15:10:00,925 net.lightbody.bmp.filters.ServerResponseCaptureFilter] (LittleProxy-2-ProxyToServerWorker-5) Cannot decode unsupported content encoding type br 
[WARN  2021-05-22T15:10:00,925 net.lightbody.bmp.filters.HarCaptureFilter] (LittleProxy-2-ProxyToServerWorker-5) Unable to decompress content with encoding: br. Contents will be encoded as base64 binary data. 
[WARN  2021-05-22T15:10:01,549 net.lightbody.bmp.filters.HarCaptureFilter] (LittleProxy-2-ProxyToServerWorker-7) No content type specified in response from /v2/track. Content will be treated as application/octet-stream 
[INFO  2021-05-22T15:10:38,560 org.littleshoot.proxy.impl.DefaultHttpProxyServer] (qtp189207010-21) Shutting down proxy server gracefully 
[INFO  2021-05-22T15:10:38,560 org.littleshoot.proxy.impl.DefaultHttpProxyServer] (qtp189207010-21) Closing all channels (graceful) 
[INFO  2021-05-22T15:10:38,584 org.littleshoot.proxy.impl.ServerGroup] (qtp189207010-21) Shutting down server group event loops (graceful) 
[INFO  2021-05-22T15:10:40,932 org.littleshoot.proxy.impl.DefaultHttpProxyServer] (qtp189207010-21) Done shutting down proxy server 
^C